This is XeTeX, Version 3.1415926-2.2-0.9995.2 (TeX Live 2009/Debian) (format=xelatex 2011.3.30)  8 APR 2011 15:31
entering extended mode
 %&-line parsing enabled.
**octaveÂÖ•Èó®ÊïôÁ®ã.tex
(./octaveÂÖ•Èó®ÊïôÁ®ã.tex
LaTeX2e <2009/09/24>
Babel <v3.8l> and hyphenation patterns for english, usenglishmax, dumylang, noh
yphenation, loaded.
(/usr/share/texmf/tex/latex/ctex/ctexart.cls
Document Class: ctexart 2010/10/17 v1.02 ctexart document class
(/usr/share/texmf/tex/latex/ctex/opt/ctex-common-opts.def)
(/usr/share/texmf/tex/latex/ctex/opt/ctex-caption-opts.def
\c@CTEX@sectiondepth=\count80
)
(/usr/share/texmf/tex/latex/ctex/opt/ctex-class-opts.def)
(/usr/share/texmf/tex/latex/ctex/def/ctex-loadclass.def
(/usr/share/texmf-texlive/tex/latex/base/article.cls
Document Class: article 2007/10/19 v1.4h Standard LaTeX document class
(/usr/share/texmf-texlive/tex/latex/base/size10.clo
File: size10.clo 2007/10/19 v1.4h Standard LaTeX file (size option)
)
\c@part=\count81
\c@section=\count82
\c@subsection=\count83
\c@subsubsection=\count84
\c@paragraph=\count85
\c@subparagraph=\count86
\c@figure=\count87
\c@table=\count88
\abovecaptionskip=\skip41
\belowcaptionskip=\skip42
\bibindent=\dimen102
))
(/usr/share/texmf/tex/latex/ctex/def/ctex-common.def
(/usr/share/texmf-texlive/tex/generic/oberdiek/ifpdf.sty
Package: ifpdf 2009/04/10 v2.0 Provides the ifpdf switch (HO)
Package ifpdf Info: pdfTeX in pdf mode not detected.
)
(/usr/share/texmf-texlive/tex/generic/ifxetex/ifxetex.sty
Package: ifxetex 2009/01/23 v0.5 Provides ifxetex conditional
)
(/usr/share/texmf-texlive/tex/latex/graphics/keyval.sty
Package: keyval 1999/03/16 v1.13 key=value parser (DPC)
\KV@toks@=\toks14
)
(/usr/share/texmf-texlive/tex/latex/tools/indentfirst.sty
Package: indentfirst 1995/11/23 v1.03 Indent first paragraph (DPC)
)
(/usr/share/texmf-texlive/tex/latex/base/fix-cm.sty
Package: fix-cm 2006/09/13 v1.1m fixes to LaTeX

(/usr/share/texmf-texlive/tex/latex/base/ts1enc.def
File: ts1enc.def 2001/06/05 v3.0e (jk/car/fm) Standard LaTeX file
))
(/usr/share/texmf/tex/latex/ctex/engine/ctex-xecjk-engine.def
(/usr/share/texmf-texlive/tex/latex/savesym/savesym.sty
Package: savesym 2003/06/01 v1.1 Saves and restores symbols
)
(/usr/share/texmf-texlive/tex/xelatex/xecjk/xeCJK.sty
Package: xeCJK 2011/02/09 2.3.18 package for typesetting CJK scripts with XeLaT
eX

(/usr/share/texmf-texlive/tex/xelatex/fontspec/fontspec.sty
Package: fontspec 2008/08/09 v1.18 Advanced font selection for XeLaTeX
\c@zf@newff=\count89
\c@zf@index=\count90
\c@zf@script=\count91
\c@zf@language=\count92

(/usr/share/texmf-texlive/tex/latex/tools/calc.sty
Package: calc 2007/08/22 v4.3 Infix arithmetic (KKT,FJ)
\calc@Acount=\count93
\calc@Bcount=\count94
\calc@Adimen=\dimen103
\calc@Bdimen=\dimen104
\calc@Askip=\skip43
\calc@Bskip=\skip44
LaTeX Info: Redefining \setlength on input line 76.
LaTeX Info: Redefining \addtolength on input line 77.
\calc@Ccount=\count95
\calc@Cskip=\skip45
)
(/usr/share/texmf-texlive/tex/latex/xkeyval/xkeyval.sty
Package: xkeyval 2008/08/13 v2.6a package option processing (HA)

(/usr/share/texmf-texlive/tex/generic/xkeyval/xkeyval.tex
\XKV@toks=\toks15
\XKV@tempa@toks=\toks16
\XKV@depth=\count96
File: xkeyval.tex 2008/08/13 v2.6a key=value parser (HA)
))
(/usr/share/texmf-texlive/tex/latex/base/fontenc.sty
Package: fontenc 2005/09/27 v1.99g Standard LaTeX package

(/usr/share/texmf-texlive/tex/xelatex/euenc/eu1enc.def
File: eu1enc.def 2008/03/08 v0.1d Experimental unicode font encoding
)
LaTeX Font Info:    Try loading font information for EU1+lmr on input line 100.


(/usr/share/texmf-texlive/tex/xelatex/euenc/eu1lmr.fd
File: eu1lmr.fd 2007/01/14 v1.3 Font defs for Latin Modern
))
LaTeX Info: Redefining \itshape on input line 1163.
LaTeX Info: Redefining \slshape on input line 1166.
LaTeX Info: Redefining \scshape on input line 1169.
LaTeX Info: Redefining \upshape on input line 1172.

fontspec.cfg loaded.
(/usr/share/texmf-texlive/tex/xelatex/fontspec/fontspec.cfg))
\xeCJK@cnta=\count97
\xeCJK@cntb=\count98
\xeCJK@cntc=\count99
\xeCJK@cntd=\count100
\xeCJK@cnte=\count101
\xeCJK@dima=\dimen105
LaTeX Info: Redefining \normalfont on input line 816.
LaTeX Info: Redefining \rmfamily on input line 825.
LaTeX Info: Redefining \sffamily on input line 829.
LaTeX Info: Redefining \ttfamily on input line 833.
\xeCJK@featureadded=\count102
)
(/usr/share/texmf/tex/latex/ctex/engine/ctex-cjk-common.def
\ccwd=\dimen106
)
(/usr/share/texmf/tex/latex/ctex/fontset/ctex-xecjk-adobefonts.def))
\CTEX@q=\count103
\CTEX@r=\count104
)
(/usr/share/texmf/tex/latex/ctex/def/ctex-caption.def)
(/usr/share/texmf/tex/latex/ctex/def/ctex-class.def)
(/usr/share/texmf/tex/latex/ctex/def/ctex-article.def))
(/usr/share/texmf/tex/latex/ctex/def/ctex-utf8.def)
(/usr/share/texmf/tex/latex/ctex/cfg/ctexcap.cfg
(/usr/share/texmf/tex/latex/ctex/cfg/ctexcap-utf8.cfg))
(/usr/share/texmf/tex/latex/ctex/cfg/ctex.cfg)
(/usr/share/texmf-texlive/tex/latex/geometry/geometry.sty
Package: geometry 2008/12/21 v4.2 Page Geometry

(/usr/share/texmf-texlive/tex/generic/oberdiek/ifvtex.sty
Package: ifvtex 2008/11/04 v1.4 Switches for detecting VTeX and its modes (HO)
Package ifvtex Info: VTeX not detected.
)
\Gm@cnth=\count105
\Gm@cntv=\count106
\c@Gm@tempcnt=\count107
\Gm@bindingoffset=\dimen107
\Gm@wd@mp=\dimen108
\Gm@odd@mp=\dimen109
\Gm@even@mp=\dimen110
\Gm@dimlist=\toks17

(/usr/share/texmf-texlive/tex/xelatex/xetexconfig/geometry.cfg))
(/usr/share/texmf-texlive/tex/latex/hyperref/hyperref.sty
Package: hyperref 2009/10/09 v6.79a Hypertext links for LaTeX

(/usr/share/texmf-texlive/tex/latex/oberdiek/hycolor.sty
Package: hycolor 2009/10/02 v1.5 Code for color options of hyperref/bookmark (H
O)

(/usr/share/texmf-texlive/tex/latex/oberdiek/xcolor-patch.sty
Package: xcolor-patch 2009/10/02 xcolor patch
))
\@linkdim=\dimen111
\Hy@linkcounter=\count108
\Hy@pagecounter=\count109

(/usr/share/texmf-texlive/tex/latex/hyperref/pd1enc.def
File: pd1enc.def 2009/10/09 v6.79a Hyperref: PDFDocEncoding definition (HO)
)
(/usr/share/texmf-texlive/tex/generic/oberdiek/etexcmds.sty
Package: etexcmds 2007/12/12 v1.2 Prefix for e-TeX command names (HO)

(/usr/share/texmf-texlive/tex/generic/oberdiek/infwarerr.sty
Package: infwarerr 2007/09/09 v1.2 Providing info/warning/message (HO)
)
Package etexcmds Info: Could not find \expanded.
(etexcmds)             That can mean that you are not using pdfTeX 1.50 or
(etexcmds)             that some package has redefined \expanded.
(etexcmds)             In the latter case, load this package earlier.
)
(/usr/share/texmf-texlive/tex/xelatex/xetexconfig/hyperref.cfg
File: hyperref.cfg 2008/07/11 v1.2 hyperref configuration for XeLaTeX
)
(/usr/share/texmf-texlive/tex/latex/oberdiek/kvoptions.sty
Package: kvoptions 2009/08/13 v3.4 Keyval support for LaTeX options (HO)

(/usr/share/texmf-texlive/tex/generic/oberdiek/kvsetkeys.sty
Package: kvsetkeys 2009/07/30 v1.5 Key value parser with default handler suppor
t (HO)
))
Package hyperref Info: Option `colorlinks' set `true' on input line 2864.
Package hyperref Info: Hyper figures OFF on input line 2975.
Package hyperref Info: Link nesting OFF on input line 2980.
Package hyperref Info: Hyper index ON on input line 2983.
Package hyperref Info: Plain pages OFF on input line 2990.
Package hyperref Info: Backreferencing OFF on input line 2995.

Implicit mode ON; LaTeX internals redefined
Package hyperref Info: Bookmarks ON on input line 3191.
(/usr/share/texmf-texlive/tex/latex/ltxmisc/url.sty
\Urlmuskip=\muskip10
Package: url 2006/04/12  ver 3.3  Verb mode for urls, etc.
)
LaTeX Info: Redefining \url on input line 3428.

(/usr/share/texmf-texlive/tex/generic/oberdiek/bitset.sty
Package: bitset 2007/09/28 v1.0 Data type bit set (HO)

(/usr/share/texmf-texlive/tex/generic/oberdiek/intcalc.sty
Package: intcalc 2007/09/27 v1.1 Expandable integer calculations (HO)
)
(/usr/share/texmf-texlive/tex/generic/oberdiek/bigintcalc.sty
Package: bigintcalc 2007/11/11 v1.1 Expandable big integer calculations (HO)

(/usr/share/texmf-texlive/tex/generic/oberdiek/pdftexcmds.sty
Package: pdftexcmds 2009/09/23 v0.6 LuaTeX support for pdfTeX utility functions
 (HO)

(/usr/share/texmf-texlive/tex/generic/oberdiek/ifluatex.sty
Package: ifluatex 2009/04/17 v1.2 Provides the ifluatex switch (HO)
Package ifluatex Info: LuaTeX not detected.
)
(/usr/share/texmf-texlive/tex/generic/oberdiek/ltxcmds.sty
Package: ltxcmds 2009/08/05 v1.0 Some LaTeX kernel commands for general use (HO
)
)
Package pdftexcmds Info: LuaTeX not detected.
Package pdftexcmds Info: pdfTeX >= 1.30 not detected.
Package pdftexcmds Info: \pdf@primitive is available.
Package pdftexcmds Info: \pdf@ifprimitive is available.
)))
\Fld@menulength=\count110
\Field@Width=\dimen112
\Fld@charsize=\dimen113
\Field@toks=\toks18
Package hyperref Info: Hyper figures OFF on input line 4377.
Package hyperref Info: Link nesting OFF on input line 4382.
Package hyperref Info: Hyper index ON on input line 4385.
Package hyperref Info: backreferencing OFF on input line 4392.
Package hyperref Info: Link coloring ON on input line 4395.
Package hyperref Info: Link coloring with OCG OFF on input line 4402.
Package hyperref Info: PDF/A mode OFF on input line 4407.

(/usr/share/texmf-texlive/tex/generic/oberdiek/atbegshi.sty
Package: atbegshi 2008/07/31 v1.9 At begin shipout hook (HO)
)
\Hy@abspage=\count111
\c@Item=\count112
\c@Hfootnote=\count113
)
*hyperref using default driver hdvipdfm*
(/usr/share/texmf-texlive/tex/latex/hyperref/hdvipdfm.def
File: hdvipdfm.def 2009/10/09 v6.79a Hyperref driver for dvipdfm
\pdfm@box=\box26
\c@Hy@AnnotLevel=\count114
\HyField@AnnotCount=\count115
\Fld@listcount=\count116
)
(/usr/share/texmf-texlive/tex/latex/graphics/graphicx.sty
Package: graphicx 1999/02/16 v1.0f Enhanced LaTeX Graphics (DPC,SPQR)

(/usr/share/texmf-texlive/tex/latex/graphics/graphics.sty
Package: graphics 2009/02/05 v1.0o Standard LaTeX Graphics (DPC,SPQR)

(/usr/share/texmf-texlive/tex/latex/graphics/trig.sty
Package: trig 1999/03/16 v1.09 sin cos tan (DPC)
)
(/etc/texmf/tex/latex/config/graphics.cfg
File: graphics.cfg 2009/08/28 v1.8 graphics configuration of TeX Live
)
Package graphics Info: Driver file: xetex.def on input line 91.

(/usr/share/texmf-texlive/tex/xelatex/xetex-def/xetex.def
File: xetex.def 2009/11/22 v0.94 LaTeX color/graphics driver for XeTeX (RRM/JK)

))
\Gin@req@height=\dimen114
\Gin@req@width=\dimen115
)
(/usr/share/texmf-texlive/tex/latex/amsmath/amsmath.sty
Package: amsmath 2000/07/18 v2.13 AMS math features
\@mathmargin=\skip46

For additional information on amsmath, use the `?' option.
(/usr/share/texmf-texlive/tex/latex/amsmath/amstext.sty
Package: amstext 2000/06/29 v2.01

(/usr/share/texmf-texlive/tex/latex/amsmath/amsgen.sty
File: amsgen.sty 1999/11/30 v2.0
\@emptytoks=\toks19
\ex@=\dimen116
))
(/usr/share/texmf-texlive/tex/latex/amsmath/amsbsy.sty
Package: amsbsy 1999/11/29 v1.2d
\pmbraise@=\dimen117
)
(/usr/share/texmf-texlive/tex/latex/amsmath/amsopn.sty
Package: amsopn 1999/12/14 v2.01 operator names
)
\inf@bad=\count117
LaTeX Info: Redefining \frac on input line 211.
\uproot@=\count118
\leftroot@=\count119
LaTeX Info: Redefining \overline on input line 307.
\classnum@=\count120
\DOTSCASE@=\count121
LaTeX Info: Redefining \ldots on input line 379.
LaTeX Info: Redefining \dots on input line 382.
LaTeX Info: Redefining \cdots on input line 467.
\Mathstrutbox@=\box27
\strutbox@=\box28
\big@size=\dimen118
LaTeX Font Info:    Redeclaring font encoding OML on input line 567.
LaTeX Font Info:    Redeclaring font encoding OMS on input line 568.
\macc@depth=\count122
\c@MaxMatrixCols=\count123
\dotsspace@=\muskip11
\c@parentequation=\count124
\dspbrk@lvl=\count125
\tag@help=\toks20
\row@=\count126
\column@=\count127
\maxfields@=\count128
\andhelp@=\toks21
\eqnshift@=\dimen119
\alignsep@=\dimen120
\tagshift@=\dimen121
\tagwidth@=\dimen122
\totwidth@=\dimen123
\lineht@=\dimen124
\@envbody=\toks22
\multlinegap=\skip47
\multlinetaggap=\skip48
\mathdisplay@stack=\toks23
LaTeX Info: Redefining \[ on input line 2666.
LaTeX Info: Redefining \] on input line 2667.
)
(/usr/share/texmf-texlive/tex/latex/base/textcomp.sty
Package: textcomp 2005/09/27 v1.99g Standard LaTeX package
Package textcomp Info: Sub-encoding information:
(textcomp)               5 = only ISO-Adobe without \textcurrency
(textcomp)               4 = 5 + \texteuro
(textcomp)               3 = 4 + \textohm
(textcomp)               2 = 3 + \textestimated + \textcurrency
(textcomp)               1 = TS1 - \textcircled - \t
(textcomp)               0 = TS1 (full)
(textcomp)             Font families with sub-encoding setting implement
(textcomp)             only a restricted character set as indicated.
(textcomp)             Family '?' is the default used for unknown fonts.
(textcomp)             See the documentation for details.
Package textcomp Info: Setting ? sub-encoding to TS1/1 on input line 71.

(/usr/share/texmf-texlive/tex/latex/base/ts1enc.def
File: ts1enc.def 2001/06/05 v3.0e (jk/car/fm) Standard LaTeX file
LaTeX Font Info:    Redeclaring font encoding TS1 on input line 42.
)
LaTeX Info: Redefining \oldstylenums on input line 266.
Package textcomp Info: Setting cmr sub-encoding to TS1/0 on input line 281.
Package textcomp Info: Setting cmss sub-encoding to TS1/0 on input line 282.
Package textcomp Info: Setting cmtt sub-encoding to TS1/0 on input line 283.
Package textcomp Info: Setting cmvtt sub-encoding to TS1/0 on input line 284.
Package textcomp Info: Setting cmbr sub-encoding to TS1/0 on input line 285.
Package textcomp Info: Setting cmtl sub-encoding to TS1/0 on input line 286.
Package textcomp Info: Setting ccr sub-encoding to TS1/0 on input line 287.
Package textcomp Info: Setting ptm sub-encoding to TS1/4 on input line 288.
Package textcomp Info: Setting pcr sub-encoding to TS1/4 on input line 289.
Package textcomp Info: Setting phv sub-encoding to TS1/4 on input line 290.
Package textcomp Info: Setting ppl sub-encoding to TS1/3 on input line 291.
Package textcomp Info: Setting pag sub-encoding to TS1/4 on input line 292.
Package textcomp Info: Setting pbk sub-encoding to TS1/4 on input line 293.
Package textcomp Info: Setting pnc sub-encoding to TS1/4 on input line 294.
Package textcomp Info: Setting pzc sub-encoding to TS1/4 on input line 295.
Package textcomp Info: Setting bch sub-encoding to TS1/4 on input line 296.
Package textcomp Info: Setting put sub-encoding to TS1/5 on input line 297.
Package textcomp Info: Setting uag sub-encoding to TS1/5 on input line 298.
Package textcomp Info: Setting ugq sub-encoding to TS1/5 on input line 299.
Package textcomp Info: Setting ul8 sub-encoding to TS1/4 on input line 300.
Package textcomp Info: Setting ul9 sub-encoding to TS1/4 on input line 301.
Package textcomp Info: Setting augie sub-encoding to TS1/5 on input line 302.
Package textcomp Info: Setting dayrom sub-encoding to TS1/3 on input line 303.
Package textcomp Info: Setting dayroms sub-encoding to TS1/3 on input line 304.

Package textcomp Info: Setting pxr sub-encoding to TS1/0 on input line 305.
Package textcomp Info: Setting pxss sub-encoding to TS1/0 on input line 306.
Package textcomp Info: Setting pxtt sub-encoding to TS1/0 on input line 307.
Package textcomp Info: Setting txr sub-encoding to TS1/0 on input line 308.
Package textcomp Info: Setting txss sub-encoding to TS1/0 on input line 309.
Package textcomp Info: Setting txtt sub-encoding to TS1/0 on input line 310.
Package textcomp Info: Setting futs sub-encoding to TS1/4 on input line 311.
Package textcomp Info: Setting futx sub-encoding to TS1/4 on input line 312.
Package textcomp Info: Setting futj sub-encoding to TS1/4 on input line 313.
Package textcomp Info: Setting hlh sub-encoding to TS1/3 on input line 314.
Package textcomp Info: Setting hls sub-encoding to TS1/3 on input line 315.
Package textcomp Info: Setting hlst sub-encoding to TS1/3 on input line 316.
Package textcomp Info: Setting hlct sub-encoding to TS1/5 on input line 317.
Package textcomp Info: Setting hlx sub-encoding to TS1/5 on input line 318.
Package textcomp Info: Setting hlce sub-encoding to TS1/5 on input line 319.
Package textcomp Info: Setting hlcn sub-encoding to TS1/5 on input line 320.
Package textcomp Info: Setting hlcw sub-encoding to TS1/5 on input line 321.
Package textcomp Info: Setting hlcf sub-encoding to TS1/5 on input line 322.
Package textcomp Info: Setting pplx sub-encoding to TS1/3 on input line 323.
Package textcomp Info: Setting pplj sub-encoding to TS1/3 on input line 324.
Package textcomp Info: Setting ptmx sub-encoding to TS1/4 on input line 325.
Package textcomp Info: Setting ptmj sub-encoding to TS1/4 on input line 326.
)
(/usr/share/texmf-texlive/tex/latex/vector/vector.sty
Package: vector 1994/09/16 v1.0 vector macros for LaTeX2e (nde)

(/usr/share/texmf-texlive/tex/latex/base/ifthen.sty
Package: ifthen 2001/05/26 v1.1c Standard LaTeX ifthen package (DPC)
)
\c@vec@elem=\count129
) (./octaveÂÖ•Èó®ÊïôÁ®ã.aux)
\openout1 = `octaveÂÖ•Èó®ÊïôÁ®ã.aux'.

LaTeX Font Info:    Checking defaults for OML/cmm/m/it on input line 8.
LaTeX Font Info:    ... okay on input line 8.
LaTeX Font Info:    Checking defaults for T1/cmr/m/n on input line 8.
LaTeX Font Info:    ... okay on input line 8.
LaTeX Font Info:    Checking defaults for OT1/cmr/m/n on input line 8.
LaTeX Font Info:    ... okay on input line 8.
LaTeX Font Info:    Checking defaults for OMS/cmsy/m/n on input line 8.
LaTeX Font Info:    ... okay on input line 8.
LaTeX Font Info:    Checking defaults for OMX/cmex/m/n on input line 8.
LaTeX Font Info:    ... okay on input line 8.
LaTeX Font Info:    Checking defaults for U/cmr/m/n on input line 8.
LaTeX Font Info:    ... okay on input line 8.
LaTeX Font Info:    Checking defaults for TS1/cmr/m/n on input line 8.
LaTeX Font Info:    ... okay on input line 8.
LaTeX Font Info:    Checking defaults for EU1/lmr/m/n on input line 8.
LaTeX Font Info:    ... okay on input line 8.
LaTeX Font Info:    Checking defaults for PD1/pdf/m/n on input line 8.
LaTeX Font Info:    ... okay on input line 8.
Package fontspec Info: Adjusting the maths setup (use [no-math] to avoid this).
 on input line 8.
\symlegacymaths=\mathgroup4
LaTeX Font Info:    Overwriting symbol font `legacymaths' in version `bold'
(Font)                  OT1/cmr/m/n --> OT1/cmr/bx/n on input line 8.
LaTeX Font Info:    Redeclaring math accent \acute on input line 8.
LaTeX Font Info:    Redeclaring math accent \grave on input line 8.
LaTeX Font Info:    Redeclaring math accent \ddot on input line 8.
LaTeX Font Info:    Redeclaring math accent \tilde on input line 8.
LaTeX Font Info:    Redeclaring math accent \bar on input line 8.
LaTeX Font Info:    Redeclaring math accent \breve on input line 8.
LaTeX Font Info:    Redeclaring math accent \check on input line 8.
LaTeX Font Info:    Redeclaring math accent \hat on input line 8.
LaTeX Font Info:    Redeclaring math accent \dot on input line 8.
LaTeX Font Info:    Redeclaring math accent \mathring on input line 8.
LaTeX Font Info:    Redeclaring math symbol \Gamma on input line 8.
LaTeX Font Info:    Redeclaring math symbol \Delta on input line 8.
LaTeX Font Info:    Redeclaring math symbol \Theta on input line 8.
LaTeX Font Info:    Redeclaring math symbol \Lambda on input line 8.
LaTeX Font Info:    Redeclaring math symbol \Xi on input line 8.
LaTeX Font Info:    Redeclaring math symbol \Pi on input line 8.
LaTeX Font Info:    Redeclaring math symbol \Sigma on input line 8.
LaTeX Font Info:    Redeclaring math symbol \Upsilon on input line 8.
LaTeX Font Info:    Redeclaring math symbol \Phi on input line 8.
LaTeX Font Info:    Redeclaring math symbol \Psi on input line 8.
LaTeX Font Info:    Redeclaring math symbol \Omega on input line 8.
LaTeX Font Info:    Redeclaring math symbol \mathdollar on input line 8.
LaTeX Font Info:    Redeclaring symbol font `operators' on input line 8.
LaTeX Font Info:    Encoding `OT1' has changed to `EU1' for symbol font
(Font)              `operators' in the math version `normal' on input line 8.
LaTeX Font Info:    Overwriting symbol font `operators' in version `normal'
(Font)                  OT1/cmr/m/n --> EU1/lmr/m/n on input line 8.
LaTeX Font Info:    Encoding `OT1' has changed to `EU1' for symbol font
(Font)              `operators' in the math version `bold' on input line 8.
LaTeX Font Info:    Overwriting symbol font `operators' in version `bold'
(Font)                  OT1/cmr/bx/n --> EU1/lmr/m/n on input line 8.
LaTeX Font Info:    Overwriting symbol font `operators' in version `normal'
(Font)                  EU1/lmr/m/n --> EU1/lmr/m/n on input line 8.
LaTeX Font Info:    Overwriting math alphabet `\mathrm' in version `normal'
(Font)                  EU1/lmr/m/n --> EU1/lmr/m/n on input line 8.
LaTeX Font Info:    Overwriting math alphabet `\mathit' in version `normal'
(Font)                  OT1/cmr/m/it --> EU1/lmr/m/it on input line 8.
LaTeX Font Info:    Overwriting math alphabet `\mathbf' in version `normal'
(Font)                  OT1/cmr/bx/n --> EU1/lmr/bx/n on input line 8.
LaTeX Font Info:    Overwriting math alphabet `\mathsf' in version `normal'
(Font)                  OT1/cmss/m/n --> EU1/lmss/m/n on input line 8.
LaTeX Font Info:    Overwriting math alphabet `\mathtt' in version `normal'
(Font)                  OT1/cmtt/m/n --> EU1/lmtt/m/n on input line 8.
LaTeX Font Info:    Overwriting symbol font `operators' in version `bold'
(Font)                  EU1/lmr/m/n --> EU1/lmr/bx/n on input line 8.
LaTeX Font Info:    Overwriting math alphabet `\mathrm' in version `bold'
(Font)                  EU1/lmr/m/n --> EU1/lmr/bx/n on input line 8.
LaTeX Font Info:    Overwriting math alphabet `\mathit' in version `bold'
(Font)                  OT1/cmr/bx/it --> EU1/lmr/bx/it on input line 8.
LaTeX Font Info:    Overwriting math alphabet `\mathsf' in version `bold'
(Font)                  OT1/cmss/bx/n --> EU1/lmss/bx/n on input line 8.
LaTeX Font Info:    Overwriting math alphabet `\mathtt' in version `bold'
(Font)                  OT1/cmtt/m/n --> EU1/lmtt/bx/n on input line 8.

*geometry detected driver: pdftex*
-------------------- Geometry parameters
paper: class default
landscape: --
twocolumn: --
twoside: --
asymmetric: --
h-parts: 56.9055pt, 500.484pt, 56.9055pt
v-parts: 56.9055pt, 681.15898pt, 56.9055pt
hmarginratio: --
vmarginratio: --
lines: --
heightrounded: --
bindingoffset: 0.0pt
truedimen: --
includehead: --
includefoot: --
includemp: --
driver: pdftex
-------------------- Page layout dimensions and switches
\paperwidth  614.295pt
\paperheight 794.96999pt
\textwidth  500.484pt
\textheight 681.15898pt
\oddsidemargin  -15.36449pt
\evensidemargin -15.36449pt
\topmargin  -52.36449pt
\headheight 12.0pt
\headsep    25.0pt
\footskip   42.67912pt
\marginparwidth 65.0pt
\marginparsep   11.0pt
\columnsep  10.0pt
\skip\footins  9.0pt plus 4.0pt minus 2.0pt
\hoffset 0.0pt
\voffset 0.0pt
\mag 1000

(1in=72.27pt, 1cm=28.45pt)
-----------------------
(/usr/share/texmf-texlive/tex/latex/graphics/color.sty
Package: color 2005/11/14 v1.0j Standard LaTeX Color (DPC)

(/etc/texmf/tex/latex/config/color.cfg
File: color.cfg 2007/01/18 v1.5 color configuration of teTeX/TeXLive
)
Package color Info: Driver file: xetex.def on input line 130.
)
Package hyperref Info: Link coloring ON on input line 8.

(/usr/share/texmf-texlive/tex/latex/hyperref/nameref.sty
Package: nameref 2007/05/29 v2.31 Cross-referencing by name of section

(/usr/share/texmf-texlive/tex/latex/oberdiek/refcount.sty
Package: refcount 2008/08/11 v3.1 Data extraction from references (HO)
)
\c@section@level=\count130
)
LaTeX Info: Redefining \ref on input line 8.
LaTeX Info: Redefining \pageref on input line 8.
 (./octaveÂÖ•Èó®ÊïôÁ®ã.out) (./octaveÂÖ•Èó®ÊïôÁ®ã.out)
\@outlinefile=\write3
\openout3 = `octaveÂÖ•Èó®ÊïôÁ®ã.out'.

\AtBeginShipoutBox=\box29


! Package xkeyval Error: `TeX' undefined in families `Ligatures'.

See the xkeyval package documentation for explanation.
Type  H <return>  for immediate help.
 ...                                              
                                                  
l.13 \tableofcontents
                     
Try typing  <return>  to proceed.
If that doesn't work, type  X <return>  to quit.

\c@zf@famc@Adobe Song Std=\count131
Package fontspec Info: Defining font family for 'Adobe Song Std' with options [
Ligatures=TeX,BoldFont=Adobe Heiti Std,ItalicFont=Adobe Kaiti Std] on input lin
e 13.

! Package xkeyval Error: `TeX' undefined in families `Ligatures'.

See the xkeyval package documentation for explanation.
Type  H <return>  for immediate help.
 ...                                              
                                                  
l.13 \tableofcontents
                     
Try typing  <return>  to proceed.
If that doesn't work, type  X <return>  to quit.


! Package xkeyval Error: `TeX' undefined in families `Ligatures'.

See the xkeyval package documentation for explanation.
Type  H <return>  for immediate help.
 ...                                              
                                                  
l.13 \tableofcontents
                     
Try typing  <return>  to proceed.
If that doesn't work, type  X <return>  to quit.


! Package xkeyval Error: `TeX' undefined in families `Ligatures'.

See the xkeyval package documentation for explanation.
Type  H <return>  for immediate help.
 ...                                              
                                                  
l.13 \tableofcontents
                     
Try typing  <return>  to proceed.
If that doesn't work, type  X <return>  to quit.

Package fontspec Info: Could not resolve font Adobe Heiti Std/I (it might not e
xist) on input line 13.

! Package xkeyval Error: `TeX' undefined in families `Ligatures'.

See the xkeyval package documentation for explanation.
Type  H <return>  for immediate help.
 ...                                              
                                                  
l.13 \tableofcontents
                     
Try typing  <return>  to proceed.
If that doesn't work, type  X <return>  to quit.


! Package xkeyval Error: `TeX' undefined in families `Ligatures'.

See the xkeyval package documentation for explanation.
Type  H <return>  for immediate help.
 ...                                              
                                                  
l.13 \tableofcontents
                     
Try typing  <return>  to proceed.
If that doesn't work, type  X <return>  to quit.


! Package xkeyval Error: `TeX' undefined in families `Ligatures'.

See the xkeyval package documentation for explanation.
Type  H <return>  for immediate help.
 ...                                              
                                                  
l.13 \tableofcontents
                     
Try typing  <return>  to proceed.
If that doesn't work, type  X <return>  to quit.

(./octaveÂÖ•Èó®ÊïôÁ®ã.toc

! Package xkeyval Error: `TeX' undefined in families `Ligatures'.

See the xkeyval package documentation for explanation.
Type  H <return>  for immediate help.
 ...                                              
                                                  
l.1 ...ction}{\numberline {1}ÁÆÄ‰ªã}{4}{section.1}
                                                  
Try typing  <return>  to proceed.
If that doesn't work, type  X <return>  to quit.


! Package xkeyval Error: `TeX' undefined in families `Ligatures'.

See the xkeyval package documentation for explanation.
Type  H <return>  for immediate help.
 ...                                              
                                                  
l.2 ...e {1.1}OctaveÊòØ‰ªÄ‰πà?}{4}{subsection.1.1}
                                                  
Try typing  <return>  to proceed.
If that doesn't work, type  X <return>  to quit.

LaTeX Font Info:    Font shape `OMX/cmex/m/n' in size <10.54> not available
(Font)              size <10.95> substituted on input line 2.
[1

]

! Package xkeyval Error: `TeX' undefined in families `Ligatures'.

See the xkeyval package documentation for explanation.
Type  H <return>  for immediate help.
 ...                                              
                                                  
l.62 ...ine {A}Êõ¥Â§öÂèÇËÄÉËµÑÊñô}{40}{appendix.A}
                                                  
Try typing  <return>  to proceed.
If that doesn't work, type  X <return>  to quit.

LaTeX Font Info:    Font shape `EU1/AdobeSongStd(0)/m/sl' in size <10.54> not a
vailable
(Font)              Font shape `EU1/AdobeSongStd(0)/m/it' tried instead on inpu
t line 62.
LaTeX Font Info:    Font shape `EU1/AdobeSongStd(0)/m/sl' in size <10.54> not a
vailable
(Font)              Font shape `EU1/AdobeSongStd(0)/m/it' tried instead on inpu
t line 62.
[2])
\tf@toc=\write4
\openout4 = `octaveÂÖ•Èó®ÊïôÁ®ã.toc'.



! Package xkeyval Error: `TeX' undefined in families `Ligatures'.

See the xkeyval package documentation for explanation.
Type  H <return>  for immediate help.
 ...                                              
                                                  
l.14 \newpage
             
Try typing  <return>  to proceed.
If that doesn't work, type  X <return>  to quit.

LaTeX Font Info:    Font shape `EU1/AdobeSongStd(0)/m/sl' in size <10.54> not a
vailable
(Font)              Font shape `EU1/AdobeSongStd(0)/m/it' tried instead on inpu
t line 14.
[3]

! Package xkeyval Error: `TeX' undefined in families `Ligatures'.

See the xkeyval package documentation for explanation.
Type  H <return>  for immediate help.
 ...                                              
                                                  
l.16 \subsection{OctaveÊòØ‰ªÄ‰πà?}
                                  
Try typing  <return>  to proceed.
If that doesn't work, type  X <return>  to quit.

LaTeX Font Info:    Try loading font information for EU1+lmtt on input line 38.

(/usr/share/texmf-texlive/tex/xelatex/euenc/eu1lmtt.fd
File: eu1lmtt.fd 2007/01/14 v1.3 Font defs for Latin Modern
)

! Package xkeyval Error: `TeX' undefined in families `Ligatures'.

See the xkeyval package documentation for explanation.
Type  H <return>  for immediate help.
 ...                                              
                                                  
l.57 \end{verbatim}
                   
Try typing  <return>  to proceed.
If that doesn't work, type  X <return>  to quit.

LaTeX Font Info:    Font shape `EU1/AdobeSongStd(0)/m/sl' in size <10.54> not a
vailable
(Font)              Font shape `EU1/AdobeSongStd(0)/m/it' tried instead on inpu
t line 57.
[4]

! Package xkeyval Error: `TeX' undefined in families `Ligatures'.

See the xkeyval package documentation for explanation.
Type  H <return>  for immediate help.
 ...                                              
                                                  
l.123 \end{enumerate}
                     
Try typing  <return>  to proceed.
If that doesn't work, type  X <return>  to quit.

LaTeX Font Info:    Font shape `EU1/AdobeSongStd(0)/m/sl' in size <10.54> not a
vailable
(Font)              Font shape `EU1/AdobeSongStd(0)/m/it' tried instead on inpu
t line 123.
[5]

! Package xkeyval Error: `TeX' undefined in families `Ligatures'.

See the xkeyval package documentation for explanation.
Type  H <return>  for immediate help.
 ...                                              
                                                  
l.123 \end{enumerate}
                     
Try typing  <return>  to proceed.
If that doesn't work, type  X <return>  to quit.

LaTeX Font Info:    Font shape `EU1/AdobeSongStd(0)/m/sl' in size <10.54> not a
vailable
(Font)              Font shape `EU1/AdobeSongStd(0)/m/it' tried instead on inpu
t line 123.
[6]

! Package xkeyval Error: `TeX' undefined in families `Ligatures'.

See the xkeyval package documentation for explanation.
Type  H <return>  for immediate help.
 ...                                              
                                                  
l.177 \end{verbatim}
                    
Try typing  <return>  to proceed.
If that doesn't work, type  X <return>  to quit.

LaTeX Font Info:    Font shape `EU1/AdobeSongStd(0)/m/sl' in size <10.54> not a
vailable
(Font)              Font shape `EU1/AdobeSongStd(0)/m/it' tried instead on inpu
t line 177.
[7]

! Package xkeyval Error: `TeX' undefined in families `Ligatures'.

See the xkeyval package documentation for explanation.
Type  H <return>  for immediate help.
 ...                                              
                                                  
l.225 \begin{verbatim}
                      
Try typing  <return>  to proceed.
If that doesn't work, type  X <return>  to quit.

LaTeX Font Info:    Font shape `EU1/AdobeSongStd(0)/m/sl' in size <10.54> not a
vailable
(Font)              Font shape `EU1/AdobeSongStd(0)/m/it' tried instead on inpu
t line 225.
[8]

! Package xkeyval Error: `TeX' undefined in families `Ligatures'.

See the xkeyval package documentation for explanation.
Type  H <return>  for immediate help.
 ...                                              
                                                  
l.272 \end{verbatim}
                    
Try typing  <return>  to proceed.
If that doesn't work, type  X <return>  to quit.

LaTeX Font Info:    Font shape `EU1/AdobeSongStd(0)/m/sl' in size <10.54> not a
vailable
(Font)              Font shape `EU1/AdobeSongStd(0)/m/it' tried instead on inpu
t line 272.
[9]

! Package xkeyval Error: `TeX' undefined in families `Ligatures'.

See the xkeyval package documentation for explanation.
Type  H <return>  for immediate help.
 ...                                              
                                                  
l.319 \section
              {Êï∞ÁªÑÂíåÂêëÈáè}
Try typing  <return>  to proceed.
If that doesn't work, type  X <return>  to quit.

LaTeX Font Info:    Font shape `EU1/AdobeSongStd(0)/m/sl' in size <10.54> not a
vailable
(Font)              Font shape `EU1/AdobeSongStd(0)/m/it' tried instead on inpu
t line 319.
[10]

! Package xkeyval Error: `TeX' undefined in families `Ligatures'.

See the xkeyval package documentation for explanation.
Type  H <return>  for immediate help.
 ...                                              
                                                  
l.359 \end{verbatim}
                    
Try typing  <return>  to proceed.
If that doesn't work, type  X <return>  to quit.

LaTeX Font Info:    Font shape `EU1/AdobeSongStd(0)/m/sl' in size <10.54> not a
vailable
(Font)              Font shape `EU1/AdobeSongStd(0)/m/it' tried instead on inpu
t line 359.
[11]

! Package xkeyval Error: `TeX' undefined in families `Ligatures'.

See the xkeyval package documentation for explanation.
Type  H <return>  for immediate help.
 ...                                              
                                                  
l.411 \end{verbatim}
                    
Try typing  <return>  to proceed.
If that doesn't work, type  X <return>  to quit.

LaTeX Font Info:    Font shape `EU1/AdobeSongStd(0)/m/sl' in size <10.54> not a
vailable
(Font)              Font shape `EU1/AdobeSongStd(0)/m/it' tried instead on inpu
t line 411.
[12]

! Package xkeyval Error: `TeX' undefined in families `Ligatures'.

See the xkeyval package documentation for explanation.
Type  H <return>  for immediate help.
 ...                                              
                                                  
l.455 \begin{verbatim}
                      
Try typing  <return>  to proceed.
If that doesn't work, type  X <return>  to quit.

LaTeX Font Info:    Font shape `EU1/AdobeSongStd(0)/m/sl' in size <10.54> not a
vailable
(Font)              Font shape `EU1/AdobeSongStd(0)/m/it' tried instead on inpu
t line 455.
[13]
File: sinx.eps Graphic file (type eps)
 <sinx.eps>

! Package xkeyval Error: `TeX' undefined in families `Ligatures'.

See the xkeyval package documentation for explanation.
Type  H <return>  for immediate help.
 ...                                              
                                                  
l.509 gnuplotÁîüÊàêÂõæÂΩ¢}
                          „ÄÇÊúÄÂü∫Êú¨ÁöÑÁîªÂõæÂëΩ‰ª§ÊòØ{\tt plot(x,y)},ÂÖ∂‰...

Try typing  <return>  to proceed.
If that doesn't work, type  X <return>  to quit.


! Package xkeyval Error: `TeX' undefined in families `Ligatures'.

See the xkeyval package documentation for explanation.
Type  H <return>  for immediate help.
 ...                                              
                                                  
l.511 \begin{verbatim}
                      
Try typing  <return>  to proceed.
If that doesn't work, type  X <return>  to quit.

LaTeX Font Info:    Font shape `EU1/AdobeSongStd(0)/m/sl' in size <10.54> not a
vailable
(Font)              Font shape `EU1/AdobeSongStd(0)/m/it' tried instead on inpu
t line 511.
[14]

! Package xkeyval Error: `TeX' undefined in families `Ligatures'.

See the xkeyval package documentation for explanation.
Type  H <return>  for immediate help.
 ...                                              
                                                  
l.561 \begin{verbatim}
                      
Try typing  <return>  to proceed.
If that doesn't work, type  X <return>  to quit.

LaTeX Font Info:    Font shape `EU1/AdobeSongStd(0)/m/sl' in size <10.54> not a
vailable
(Font)              Font shape `EU1/AdobeSongStd(0)/m/it' tried instead on inpu
t line 561.
[15]
File: improvedsinx.eps Graphic file (type eps)
 <improvedsinx.eps>
Missing character: There is no Êõ≤ in font [lmroman10-regular]:mapping=tex-text
!
Missing character: There is no Á∫ø in font [lmroman10-regular]:mapping=tex-text
!
File: sinandcos.eps Graphic file (type eps)
 <sinandcos.eps>

! Package xkeyval Error: `TeX' undefined in families `Ligatures'.

See the xkeyval package documentation for explanation.
Type  H <return>  for immediate help.
 ...                                              
                                                  
l.605 \begin{verbatim}
                      
Try typing  <return>  to proceed.
If that doesn't work, type  X <return>  to quit.

LaTeX Font Info:    Font shape `EU1/AdobeSongStd(0)/m/sl' in size <10.54> not a
vailable
(Font)              Font shape `EU1/AdobeSongStd(0)/m/it' tried instead on inpu
t line 605.
[16]

! Package xkeyval Error: `TeX' undefined in families `Ligatures'.

See the xkeyval package documentation for explanation.
Type  H <return>  for immediate help.
 ...                                              
                                                  
l.605 \begin{verbatim}
                      
Try typing  <return>  to proceed.
If that doesn't work, type  X <return>  to quit.

LaTeX Font Info:    Font shape `EU1/AdobeSongStd(0)/m/sl' in size <10.54> not a
vailable
(Font)              Font shape `EU1/AdobeSongStd(0)/m/it' tried instead on inpu
t line 605.
[17]

! Package xkeyval Error: `TeX' undefined in families `Ligatures'.

See the xkeyval package documentation for explanation.
Type  H <return>  for immediate help.
 ...                                              
                                                  
l.650 \end{verbatim}
                    
Try typing  <return>  to proceed.
If that doesn't work, type  X <return>  to quit.

LaTeX Font Info:    Font shape `EU1/AdobeSongStd(0)/m/sl' in size <10.54> not a
vailable
(Font)              Font shape `EU1/AdobeSongStd(0)/m/it' tried instead on inpu
t line 650.

! Package xkeyval Error: `TeX' undefined in families `Ligatures'.

See the xkeyval package documentation for explanation.
Type  H <return>  for immediate help.
 ...                                              
                                                  
l.650 \end{verbatim}
                    
Try typing  <return>  to proceed.
If that doesn't work, type  X <return>  to quit.

LaTeX Font Info:    Font shape `EU1/AdobeSongStd(0)/m/sl' in size <10.54> not a
vailable
(Font)              Font shape `EU1/AdobeSongStd(0)/m/it' tried instead on inpu
t line 650.
[18]
File: rectsin.eps Graphic file (type eps)
 <rectsin.eps>

! Package xkeyval Error: `TeX' undefined in families `Ligatures'.

See the xkeyval package documentation for explanation.
Type  H <return>  for immediate help.
 ...                                              
                                                  
l.705 \end{verbatim}
                    
Try typing  <return>  to proceed.
If that doesn't work, type  X <return>  to quit.

LaTeX Font Info:    Font shape `EU1/AdobeSongStd(0)/m/sl' in size <10.54> not a
vailable
(Font)              Font shape `EU1/AdobeSongStd(0)/m/it' tried instead on inpu
t line 705.

! Package xkeyval Error: `TeX' undefined in families `Ligatures'.

See the xkeyval package documentation for explanation.
Type  H <return>  for immediate help.
 ...                                              
                                                  
l.705 \end{verbatim}
                    
Try typing  <return>  to proceed.
If that doesn't work, type  X <return>  to quit.

LaTeX Font Info:    Font shape `EU1/AdobeSongStd(0)/m/sl' in size <10.54> not a
vailable
(Font)              Font shape `EU1/AdobeSongStd(0)/m/it' tried instead on inpu
t line 705.
[19]

! Package xkeyval Error: `TeX' undefined in families `Ligatures'.

See the xkeyval package documentation for explanation.
Type  H <return>  for immediate help.
 ...                                              
                                                  
l.729 \end{verbatim}
                    
Try typing  <return>  to proceed.
If that doesn't work, type  X <return>  to quit.

LaTeX Font Info:    Font shape `EU1/AdobeSongStd(0)/m/sl' in size <10.54> not a
vailable
(Font)              Font shape `EU1/AdobeSongStd(0)/m/it' tried instead on inpu
t line 729.
[20]
LaTeX Font Info:    Try loading font information for OMS+lmr on input line 731.

 (/usr/share/texmf/tex/latex/lm/omslmr.fd
File: omslmr.fd 2009/10/30 v1.6 Font defs for Latin Modern
)
LaTeX Font Info:    Try loading font information for OMS+lmsy on input line 731
.

(/usr/share/texmf/tex/latex/lm/omslmsy.fd
File: omslmsy.fd 2009/10/30 v1.6 Font defs for Latin Modern
)
LaTeX Font Info:    Font shape `OMS/lmr/m/n' in size <10.54> not available
(Font)              Font shape `OMS/lmsy/m/n' tried instead on input line 731.
LaTeX Font Info:    Try loading font information for TS1+lmr on input line 776.


(/usr/share/texmf/tex/latex/lm/ts1lmr.fd
File: ts1lmr.fd 2009/10/30 v1.6 Font defs for Latin Modern
)

! Package xkeyval Error: `TeX' undefined in families `Ligatures'.

See the xkeyval package documentation for explanation.
Type  H <return>  for immediate help.
 ...                                              
                                                  
l.784 \begin{verbatim}
                      
Try typing  <return>  to proceed.
If that doesn't work, type  X <return>  to quit.

LaTeX Font Info:    Font shape `EU1/AdobeSongStd(0)/m/sl' in size <10.54> not a
vailable
(Font)              Font shape `EU1/AdobeSongStd(0)/m/it' tried instead on inpu
t line 784.
[21]

! Package xkeyval Error: `TeX' undefined in families `Ligatures'.

See the xkeyval package documentation for explanation.
Type  H <return>  for immediate help.
 ...                                              
                                                  
l.828 \end{verbatim}
                    
Try typing  <return>  to proceed.
If that doesn't work, type  X <return>  to quit.

LaTeX Font Info:    Font shape `EU1/AdobeSongStd(0)/m/sl' in size <10.54> not a
vailable
(Font)              Font shape `EU1/AdobeSongStd(0)/m/it' tried instead on inpu
t line 828.
[22]

! Package xkeyval Error: `TeX' undefined in families `Ligatures'.

See the xkeyval package documentation for explanation.
Type  H <return>  for immediate help.
 ...                                              
                                                  
l.873 \end{verbatim}
                    
Try typing  <return>  to proceed.
If that doesn't work, type  X <return>  to quit.

LaTeX Font Info:    Font shape `EU1/AdobeSongStd(0)/m/sl' in size <10.54> not a
vailable
(Font)              Font shape `EU1/AdobeSongStd(0)/m/it' tried instead on inpu
t line 873.

! Package xkeyval Error: `TeX' undefined in families `Ligatures'.

See the xkeyval package documentation for explanation.
Type  H <return>  for immediate help.
 ...                                              
                                                  
l.873 \end{verbatim}
                    
Try typing  <return>  to proceed.
If that doesn't work, type  X <return>  to quit.

LaTeX Font Info:    Font shape `EU1/AdobeSongStd(0)/m/sl' in size <10.54> not a
vailable
(Font)              Font shape `EU1/AdobeSongStd(0)/m/it' tried instead on inpu
t line 873.
[23]

! Package xkeyval Error: `TeX' undefined in families `Ligatures'.

See the xkeyval package documentation for explanation.
Type  H <return>  for immediate help.
 ...                                              
                                                  
l.916 \]
        
Try typing  <return>  to proceed.
If that doesn't work, type  X <return>  to quit.

LaTeX Font Info:    Font shape `EU1/AdobeSongStd(0)/m/sl' in size <10.54> not a
vailable
(Font)              Font shape `EU1/AdobeSongStd(0)/m/it' tried instead on inpu
t line 916.

! Package xkeyval Error: `TeX' undefined in families `Ligatures'.

See the xkeyval package documentation for explanation.
Type  H <return>  for immediate help.
 ...                                              
                                                  
l.916 \]
        
Try typing  <return>  to proceed.
If that doesn't work, type  X <return>  to quit.

LaTeX Font Info:    Font shape `EU1/AdobeSongStd(0)/m/sl' in size <10.54> not a
vailable
(Font)              Font shape `EU1/AdobeSongStd(0)/m/it' tried instead on inpu
t line 916.
[24]

! Package xkeyval Error: `TeX' undefined in families `Ligatures'.

See the xkeyval package documentation for explanation.
Type  H <return>  for immediate help.
 ...                                              
                                                  
l.958 Â∞Ü
         ËØ•ÂáΩÊï∞ËæìÂÖ•ÊñáÊú¨ÁºñËæëÂô®Âπ∂‰øùÂ≠ò‰∏∫{\tt ustep.m}„ÄÇÁé∞Âú®Êàë...

Try typing  <return>  to proceed.
If that doesn't work, type  X <return>  to quit.

LaTeX Font Info:    Font shape `EU1/AdobeSongStd(0)/m/sl' in size <10.54> not a
vailable
(Font)              Font shape `EU1/AdobeSongStd(0)/m/it' tried instead on inpu
t line 958.

! Package xkeyval Error: `TeX' undefined in families `Ligatures'.

See the xkeyval package documentation for explanation.
Type  H <return>  for immediate help.
 ...                                              
                                                  
l.958 Â∞Ü
         ËØ•ÂáΩÊï∞ËæìÂÖ•ÊñáÊú¨ÁºñËæëÂô®Âπ∂‰øùÂ≠ò‰∏∫{\tt ustep.m}„ÄÇÁé∞Âú®Êàë...

Try typing  <return>  to proceed.
If that doesn't work, type  X <return>  to quit.

LaTeX Font Info:    Font shape `EU1/AdobeSongStd(0)/m/sl' in size <10.54> not a
vailable
(Font)              Font shape `EU1/AdobeSongStd(0)/m/it' tried instead on inpu
t line 958.
[25]
File: Ustep.eps Graphic file (type eps)
 <Ustep.eps>

! Package xkeyval Error: `TeX' undefined in families `Ligatures'.

See the xkeyval package documentation for explanation.
Type  H <return>  for immediate help.
 ...                                              
                                                  
l.991 \end{verbatim}
                    
Try typing  <return>  to proceed.
If that doesn't work, type  X <return>  to quit.

LaTeX Font Info:    Font shape `EU1/AdobeSongStd(0)/m/sl' in size <10.54> not a
vailable
(Font)              Font shape `EU1/AdobeSongStd(0)/m/it' tried instead on inpu
t line 991.
[26]

! Package xkeyval Error: `TeX' undefined in families `Ligatures'.

See the xkeyval package documentation for explanation.
Type  H <return>  for immediate help.
 ...                                              
                                                  
l.1049 \end{verbatim}
                     
Try typing  <return>  to proceed.
If that doesn't work, type  X <return>  to quit.

LaTeX Font Info:    Font shape `EU1/AdobeSongStd(0)/m/sl' in size <10.54> not a
vailable
(Font)              Font shape `EU1/AdobeSongStd(0)/m/it' tried instead on inpu
t line 1049.
[27]

! Package xkeyval Error: `TeX' undefined in families `Ligatures'.

See the xkeyval package documentation for explanation.
Type  H <return>  for immediate help.
 ...                                              
                                                  
l.1087 \begin{verbatim}
                       
Try typing  <return>  to proceed.
If that doesn't work, type  X <return>  to quit.

LaTeX Font Info:    Font shape `EU1/AdobeSongStd(0)/m/sl' in size <10.54> not a
vailable
(Font)              Font shape `EU1/AdobeSongStd(0)/m/it' tried instead on inpu
t line 1087.
[28]

! Package xkeyval Error: `TeX' undefined in families `Ligatures'.

See the xkeyval package documentation for explanation.
Type  H <return>  for immediate help.
 ...                                              
                                                  
l.1137 \end{verbatim}
                     
Try typing  <return>  to proceed.
If that doesn't work, type  X <return>  to quit.

LaTeX Font Info:    Font shape `EU1/AdobeSongStd(0)/m/sl' in size <10.54> not a
vailable
(Font)              Font shape `EU1/AdobeSongStd(0)/m/it' tried instead on inpu
t line 1137.
[29]

! Package xkeyval Error: `TeX' undefined in families `Ligatures'.

See the xkeyval package documentation for explanation.
Type  H <return>  for immediate help.
 ...                                              
                                                  
l.1174 \begin{verbatim}
                       
Try typing  <return>  to proceed.
If that doesn't work, type  X <return>  to quit.

LaTeX Font Info:    Font shape `EU1/AdobeSongStd(0)/m/sl' in size <10.54> not a
vailable
(Font)              Font shape `EU1/AdobeSongStd(0)/m/it' tried instead on inpu
t line 1174.
[30]

! Package xkeyval Error: `TeX' undefined in families `Ligatures'.

See the xkeyval package documentation for explanation.
Type  H <return>  for immediate help.
 ...                                              
                                                  
l.1240 \end{verbatim}
                     
Try typing  <return>  to proceed.
If that doesn't work, type  X <return>  to quit.

LaTeX Font Info:    Font shape `EU1/AdobeSongStd(0)/m/sl' in size <10.54> not a
vailable
(Font)              Font shape `EU1/AdobeSongStd(0)/m/it' tried instead on inpu
t line 1240.
[31]

! Package xkeyval Error: `TeX' undefined in families `Ligatures'.

See the xkeyval package documentation for explanation.
Type  H <return>  for immediate help.
 ...                                              
                                                  
l.1274 \end{verbatim}
                     
Try typing  <return>  to proceed.
If that doesn't work, type  X <return>  to quit.

LaTeX Font Info:    Font shape `EU1/AdobeSongStd(0)/m/sl' in size <10.54> not a
vailable
(Font)              Font shape `EU1/AdobeSongStd(0)/m/it' tried instead on inpu
t line 1274.
[32]
LaTeX Font Info:    Font shape `OMX/cmex/m/n' in size <15.06> not available
(Font)              size <14.4> substituted on input line 1276.


Package hyperref Warning: Token not allowed in a PDF string (PDFDocEncoding):
(hyperref)                removing `math shift' on input line 1276.


Package hyperref Warning: Token not allowed in a PDF string (PDFDocEncoding):
(hyperref)                removing `math shift' on input line 1276.

File: sinandsinc.eps Graphic file (type eps)
<sinandsinc.eps>
File: plot3.eps Graphic file (type eps)
 <plot3.eps>

! Package xkeyval Error: `TeX' undefined in families `Ligatures'.

See the xkeyval package documentation for explanation.
Type  H <return>  for immediate help.
 ...                                              
                                                  
l.1352 \end{verbatim}
                     
Try typing  <return>  to proceed.
If that doesn't work, type  X <return>  to quit.

LaTeX Font Info:    Font shape `EU1/AdobeSongStd(0)/m/sl' in size <10.54> not a
vailable
(Font)              Font shape `EU1/AdobeSongStd(0)/m/it' tried instead on inpu
t line 1352.

! Package xkeyval Error: `TeX' undefined in families `Ligatures'.

See the xkeyval package documentation for explanation.
Type  H <return>  for immediate help.
 ...                                              
                                                  
l.1352 \end{verbatim}
                     
Try typing  <return>  to proceed.
If that doesn't work, type  X <return>  to quit.

LaTeX Font Info:    Font shape `EU1/AdobeSongStd(0)/m/sl' in size <10.54> not a
vailable
(Font)              Font shape `EU1/AdobeSongStd(0)/m/it' tried instead on inpu
t line 1352.
[33]

! Package xkeyval Error: `TeX' undefined in families `Ligatures'.

See the xkeyval package documentation for explanation.
Type  H <return>  for immediate help.
 ...                                              
                                                  
l.1352 \end{verbatim}
                     
Try typing  <return>  to proceed.
If that doesn't work, type  X <return>  to quit.

LaTeX Font Info:    Font shape `EU1/AdobeSongStd(0)/m/sl' in size <10.54> not a
vailable
(Font)              Font shape `EU1/AdobeSongStd(0)/m/it' tried instead on inpu
t line 1352.
[34]
File: surface.eps Graphic file (type eps)
 <surface.eps>

! Package xkeyval Error: `TeX' undefined in families `Ligatures'.

See the xkeyval package documentation for explanation.
Type  H <return>  for immediate help.
 ...                                              
                                                  
l.1388 \begin{verbatim}
                       
Try typing  <return>  to proceed.
If that doesn't work, type  X <return>  to quit.

LaTeX Font Info:    Font shape `EU1/AdobeSongStd(0)/m/sl' in size <10.54> not a
vailable
(Font)              Font shape `EU1/AdobeSongStd(0)/m/it' tried instead on inpu
t line 1388.
[35]
File: complex.eps Graphic file (type eps)
 <complex.eps>

! Package xkeyval Error: `TeX' undefined in families `Ligatures'.

See the xkeyval package documentation for explanation.
Type  H <return>  for immediate help.
 ...                                              
                                                  
l.1455 \end{verbatim}
                     
Try typing  <return>  to proceed.
If that doesn't work, type  X <return>  to quit.

LaTeX Font Info:    Font shape `EU1/AdobeSongStd(0)/m/sl' in size <10.54> not a
vailable
(Font)              Font shape `EU1/AdobeSongStd(0)/m/it' tried instead on inpu
t line 1455.
[36]

! Package xkeyval Error: `TeX' undefined in families `Ligatures'.

See the xkeyval package documentation for explanation.
Type  H <return>  for immediate help.
 ...                                              
                                                  
l.1481 
       
Try typing  <return>  to proceed.
If that doesn't work, type  X <return>  to quit.

LaTeX Font Info:    Font shape `EU1/AdobeSongStd(0)/m/sl' in size <10.54> not a
vailable
(Font)              Font shape `EU1/AdobeSongStd(0)/m/it' tried instead on inpu
t line 1481.
[37]

! Package xkeyval Error: `TeX' undefined in families `Ligatures'.

See the xkeyval package documentation for explanation.
Type  H <return>  for immediate help.
 ...                                              
                                                  
l.1566 \end{verbatim}
                     
Try typing  <return>  to proceed.
If that doesn't work, type  X <return>  to quit.

LaTeX Font Info:    Font shape `EU1/AdobeSongStd(0)/m/sl' in size <10.54> not a
vailable
(Font)              Font shape `EU1/AdobeSongStd(0)/m/it' tried instead on inpu
t line 1566.
[38]

! Package xkeyval Error: `TeX' undefined in families `Ligatures'.

See the xkeyval package documentation for explanation.
Type  H <return>  for immediate help.
 ...                                              
                                                  
l.1570 \end{verbatim}
                     
Try typing  <return>  to proceed.
If that doesn't work, type  X <return>  to quit.

LaTeX Font Info:    Font shape `EU1/AdobeSongStd(0)/m/sl' in size <10.54> not a
vailable
(Font)              Font shape `EU1/AdobeSongStd(0)/m/it' tried instead on inpu
t line 1570.
[39]
! Undefined control sequence.
l.1580 \tiem
             OctaveÂÆòÊñπÊñáÊ°£:\href{http://www.gnu.org/software/octave/doc...
The control sequence at the end of the top line
of your error message was never \def'ed. If you have
misspelled it (e.g., `\hobx'), type `I' and the correct
spelling (e.g., `I\hbox'). Otherwise just continue,
and I'll forget about whatever was undefined.


! LaTeX Error: Something's wrong--perhaps a missing \item.

See the LaTeX manual or LaTeX Companion for explanation.
Type  H <return>  for immediate help.
 ...                                              
                                                  
l.1581 \item O
              ctaveÂø´ÈÄüÊåáÂçó:\href{http://ljk.imag.fr/membres/Christophe....

Try typing  <return>  to proceed.
If that doesn't work, type  X <return>  to quit.


! LaTeX Error: Something's wrong--perhaps a missing \item.

See the LaTeX manual or LaTeX Companion for explanation.
Type  H <return>  for immediate help.
 ...                                              
                                                  
l.1581 \item O
              ctaveÂø´ÈÄüÊåáÂçó:\href{http://ljk.imag.fr/membres/Christophe....

Try typing  <return>  to proceed.
If that doesn't work, type  X <return>  to quit.


! LaTeX Error: Something's wrong--perhaps a missing \item.

See the LaTeX manual or LaTeX Companion for explanation.
Type  H <return>  for immediate help.
 ...                                              
                                                  
l.1581 \item O
              ctaveÂø´ÈÄüÊåáÂçó:\href{http://ljk.imag.fr/membres/Christophe....

Try typing  <return>  to proceed.
If that doesn't work, type  X <return>  to quit.


! LaTeX Error: Something's wrong--perhaps a missing \item.

See the LaTeX manual or LaTeX Companion for explanation.
Type  H <return>  for immediate help.
 ...                                              
                                                  
l.1582 \item O
              ctaveÈÇÆ‰ª∂ÂàóË°®:\href{http://octave.1599824.n4.nabble.com/}{...

Try typing  <return>  to proceed.
If that doesn't work, type  X <return>  to quit.


! LaTeX Error: Something's wrong--perhaps a missing \item.

See the LaTeX manual or LaTeX Companion for explanation.
Type  H <return>  for immediate help.
 ...                                              
                                                  
l.1582 \item O
              ctaveÈÇÆ‰ª∂ÂàóË°®:\href{http://octave.1599824.n4.nabble.com/}{...

Try typing  <return>  to proceed.
If that doesn't work, type  X <return>  to quit.


! LaTeX Error: Something's wrong--perhaps a missing \item.

See the LaTeX manual or LaTeX Companion for explanation.
Type  H <return>  for immediate help.
 ...                                              
                                                  
l.1582 \item O
              ctaveÈÇÆ‰ª∂ÂàóË°®:\href{http://octave.1599824.n4.nabble.com/}{...

Try typing  <return>  to proceed.
If that doesn't work, type  X <return>  to quit.


! LaTeX Error: Something's wrong--perhaps a missing \item.

See the LaTeX manual or LaTeX Companion for explanation.
Type  H <return>  for immediate help.
 ...                                              
                                                  
l.1583 \end{itemize}
                    
Try typing  <return>  to proceed.
If that doesn't work, type  X <return>  to quit.


Overfull \hbox (20.21187pt too wide) in paragraph at lines 1580--1583
\EU1/lmr/m/n/10.54 Octave \zf@basefont Âø´ ÈÄü Êåá Âçó\EU1/lmr/m/n/10.54 :[][]h
ttp://ljk.imag.fr/membres/Christophe.Prudhomme/courses/octave/octave-refcard-a4
.pdf[][] 
 []


Underfull \hbox (badness 10000) in paragraph at lines 1580--1583

 []


Underfull \hbox (badness 10000) in paragraph at lines 1586--1587

 []


! Package xkeyval Error: `TeX' undefined in families `Ligatures'.

See the xkeyval package documentation for explanation.
Type  H <return>  for immediate help.
 ...                                              
                                                  
l.1613 \newpage
               
Try typing  <return>  to proceed.
If that doesn't work, type  X <return>  to quit.

LaTeX Font Info:    Font shape `EU1/AdobeSongStd(0)/m/sl' in size <10.54> not a
vailable
(Font)              Font shape `EU1/AdobeSongStd(0)/m/it' tried instead on inpu
t line 1613.
[40]

! Package xkeyval Error: `TeX' undefined in families `Ligatures'.

See the xkeyval package documentation for explanation.
Type  H <return>  for immediate help.
 ...                                              
                                                  
l.1623 \end{document}
                     
Try typing  <return>  to proceed.
If that doesn't work, type  X <return>  to quit.

LaTeX Font Info:    Font shape `EU1/AdobeSongStd(0)/m/sl' in size <10.54> not a
vailable
(Font)              Font shape `EU1/AdobeSongStd(0)/m/it' tried instead on inpu
t line 1623.
[41] (./octaveÂÖ•Èó®ÊïôÁ®ã.aux)
LaTeX Font Info:    Size substitutions with differences
(Font)              up to 0.66pt have occurred.
 ) 
Here is how much of TeX's memory you used:
 8459 strings out of 495724
 142604 string characters out of 1189346
 244961 words of memory out of 3000000
 11337 multiletter control sequences out of 15000+50000
 13057 words of font info for 87 fonts, out of 3000000 for 9000
 28 hyphenation exceptions out of 8191
 45i,18n,70p,606b,486s stack positions out of 5000i,500n,10000p,200000b,50000s

Output written on octaveÂÖ•Èó®ÊïôÁ®ã.pdf (41 pages).
