\BOOKMARK [1][-]{section.1}{简介}{}
\BOOKMARK [2][-]{subsection.1.1}{Octave是什么?}{section.1}
\BOOKMARK [2][-]{subsection.1.2}{Octave不是什么？}{section.1}
\BOOKMARK [2][-]{subsection.1.3}{Octave的适用对象}{section.1}
\BOOKMARK [2][-]{subsection.1.4}{与常见的高级语言\(如C++\)的区别}{section.1}
\BOOKMARK [1][-]{section.2}{简单计算}{}
\BOOKMARK [2][-]{subsection.2.1}{启动Octave}{section.2}
\BOOKMARK [2][-]{subsection.2.2}{Octave简单计算}{section.2}
\BOOKMARK [2][-]{subsection.2.3}{内建函数}{section.2}
\BOOKMARK [1][-]{section.3}{Octave环境}{}
\BOOKMARK [2][-]{subsection.3.1}{变量}{section.3}
\BOOKMARK [2][-]{subsection.3.2}{数值及其格式}{section.3}
\BOOKMARK [2][-]{subsection.3.3}{数值的表示和精度}{section.3}
\BOOKMARK [2][-]{subsection.3.4}{载入和保存数据}{section.3}
\BOOKMARK [2][-]{subsection.3.5}{重复之前命令}{section.3}
\BOOKMARK [2][-]{subsection.3.6}{获得帮助}{section.3}
\BOOKMARK [2][-]{subsection.3.7}{取消一个命令}{section.3}
\BOOKMARK [2][-]{subsection.3.8}{分号和隐藏结果}{section.3}
\BOOKMARK [1][-]{section.4}{数组和向量}{}
\BOOKMARK [2][-]{subsection.4.1}{构造向量}{section.4}
\BOOKMARK [2][-]{subsection.4.2}{冒号表达式}{section.4}
\BOOKMARK [2][-]{subsection.4.3}{大矩阵或矩阵的显示}{section.4}
\BOOKMARK [2][-]{subsection.4.4}{向量构造函数}{section.4}
\BOOKMARK [2][-]{subsection.4.5}{向量中的元素操作}{section.4}
\BOOKMARK [2][-]{subsection.4.6}{向量的计算}{section.4}
\BOOKMARK [1][-]{section.5}{画图}{}
\BOOKMARK [2][-]{subsection.5.1}{改进该图形}{section.5}
\BOOKMARK [2][-]{subsection.5.2}{Multiple graphs}{section.5}
\BOOKMARK [2][-]{subsection.5.3}{Multiple figures}{section.5}
\BOOKMARK [2][-]{subsection.5.4}{保存和打印图片}{section.5}
\BOOKMARK [1][-]{section.6}{Octave编程I：脚本文件}{}
\BOOKMARK [2][-]{subsection.6.1}{Path问题}{section.6}
\BOOKMARK [2][-]{subsection.6.2}{创建和编辑脚本}{section.6}
\BOOKMARK [2][-]{subsection.6.3}{记住之前脚本}{section.6}
\BOOKMARK [1][-]{section.7}{控制语句}{}
\BOOKMARK [2][-]{subsection.7.1}{if...else语句}{section.7}
\BOOKMARK [2][-]{subsection.7.2}{switch语句}{section.7}
\BOOKMARK [2][-]{subsection.7.3}{for语句}{section.7}
\BOOKMARK [2][-]{subsection.7.4}{while语句}{section.7}
\BOOKMARK [1][-]{section.8}{Octave编程II：函数}{}
\BOOKMARK [2][-]{subsection.8.1}{实例1:角度制正弦函数}{section.8}
\BOOKMARK [2][-]{subsection.8.2}{创建并使用函数}{section.8}
\BOOKMARK [2][-]{subsection.8.3}{实例2:单位阶跃函数}{section.8}
\BOOKMARK [1][-]{section.9}{矩阵和向量}{}
\BOOKMARK [2][-]{subsection.9.1}{矩阵乘法}{section.9}
\BOOKMARK [2][-]{subsection.9.2}{转置算符}{section.9}
\BOOKMARK [2][-]{subsection.9.3}{矩阵创建函数}{section.9}
\BOOKMARK [2][-]{subsection.9.4}{创建复合矩阵}{section.9}
\BOOKMARK [2][-]{subsection.9.5}{提取矩阵元}{section.9}
\BOOKMARK [1][-]{section.10}{基本矩阵函数}{}
\BOOKMARK [1][-]{section.11}{解决Ax=b类问题}{}
\BOOKMARK [1][-]{section.12}{画图进阶}{}
\BOOKMARK [2][-]{subsection.12.1}{子图}{section.12}
\BOOKMARK [2][-]{subsection.12.2}{3D 画图}{section.12}
\BOOKMARK [2][-]{subsection.12.3}{调整视角}{section.12}
\BOOKMARK [2][-]{subsection.12.4}{绘制曲面}{section.12}
\BOOKMARK [1][-]{section.13}{本征向量和奇异值分解}{}
\BOOKMARK [1][-]{section.14}{复数}{}
\BOOKMARK [2][-]{subsection.14.1}{绘制复数}{section.14}
\BOOKMARK [2][-]{subsection.14.2}{多项式求根}{section.14}
\BOOKMARK [1][-]{section.15}{Octave可执行程序}{}
\BOOKMARK [1][-]{appendix.A}{更多参考资料}{}
\BOOKMARK [1][-]{appendix.B}{声明}{}
